Vivado Simulator 2019.1
Copyright 1986-1999, 2001-2019 Xilinx, Inc. All Rights Reserved.
Running: /home/it/Desktop/Vivado/Vivado/2019.1/bin/unwrapped/lnx64.o/xelab -wto 777204d93deb41f7bd8417837dccd96f --incr --debug typical --relax --mt 8 -L xil_defaultlib -L unisims_ver -L unimacro_ver -L secureip --snapshot rv32i_tb_behav xil_defaultlib.rv32i_tb xil_defaultlib.glbl -log elaborate.log 
Using 8 slave threads.
Starting static elaboration
Completed static elaboration
Starting simulation data flow analysis
WARNING: [XSIM 43-4100] "/home/it/Desktop/team_work/PROJECT/microcontroller_TeamBlack/rvsoc-baseline-main/project_1.sim/sim_1/behav/xsim/glbl.v" Line 6. Module glbl has a timescale but at least one module in design doesn't have timescale.
Completed simulation data flow analysis
Time Resolution for simulation is 1ps
Compiling package xil_defaultlib.riscv_types
Compiling package xil_defaultlib.$unit_lib_sv
Compiling module xil_defaultlib.csr_file
Compiling module xil_defaultlib.program_counter
Compiling module xil_defaultlib.mux2x1(n=32)
Compiling module xil_defaultlib.n_bit_reg(n=1)
Compiling module xil_defaultlib.n_bit_reg_wclr(n=64)
Compiling module xil_defaultlib.n_bit_reg_wclr(n=32,CLR_VALUE=32...
Compiling module xil_defaultlib.n_bit_reg_wclr(n=96)
Compiling module xil_defaultlib.reg_file
Compiling module xil_defaultlib.one_hot_mux2x1
Compiling module xil_defaultlib.one_hot_mux2x1(n=4)
Compiling module xil_defaultlib.mux2x1(n=8)
Compiling module xil_defaultlib.mux2x1(n=11)
Compiling module xil_defaultlib.one_hot_mux3x1
Compiling module xil_defaultlib.imm_gen
Compiling module xil_defaultlib.n_bit_reg_wclr(n=247)
Compiling module xil_defaultlib.mux3x1
Compiling module xil_defaultlib.n_bit_add_sub
Compiling module xil_defaultlib.alu
Compiling module xil_defaultlib.n_bit_reg_wclr(n=231)
Compiling module xil_defaultlib.one_hot_mux3x1(n=32)
Compiling module xil_defaultlib.n_bit_reg_wclr(n=73)
Compiling module xil_defaultlib.data_path
Compiling module xil_defaultlib.decode_control
Compiling module xil_defaultlib.alu_control
Compiling module xil_defaultlib.branch_controller
Compiling module xil_defaultlib.forwarding_unit
Compiling module xil_defaultlib.hazard_handler
Compiling module xil_defaultlib.pipeline_controller
Compiling module xil_defaultlib.control_unit
Compiling module xil_defaultlib.rv32i_top
Compiling module xil_defaultlib.rv32i_tb
Compiling module xil_defaultlib.glbl
Built simulation snapshot rv32i_tb_behav
