#
# An unexpected error has occurred (11)
#
Stack:
/home/it/Desktop/Vivado/Vivado/2019.1/tps/lnx64/jre9.0.4/lib//server/libjvm.so(+0xb6aadb) [0x78308d76aadb]
/home/it/Desktop/Vivado/Vivado/2019.1/tps/lnx64/jre9.0.4/lib//server/libjvm.so(JVM_handle_linux_signal+0xbb) [0x78308d76fe1b]
/home/it/Desktop/Vivado/Vivado/2019.1/tps/lnx64/jre9.0.4/lib//server/libjvm.so(+0xb647b8) [0x78308d7647b8]
/lib/x86_64-linux-gnu/libc.so.6(+0x45330) [0x7830e9445330]
/home/it/Desktop/Vivado/Vivado/2019.1/lib/lnx64.o/librdi_simbridge_kernel.so(SimBridge::CArray::empty() const+0) [0x7830962567b0]
/home/it/Desktop/Vivado/Vivado/2019.1/lib/lnx64.o/librdi_simbridge_kernel.so(SimBridge::WdbEventBlock::addBlock(SimBridge::WdbIBlockManager&, unsigned int&) const+0x1e) [0x783096256e8e]
/home/it/Desktop/Vivado/Vivado/2019.1/lib/lnx64.o/librdi_simbridge_kernel.so(SimBridge::WdbMultipleBucketEventDatabase::getEventBlockDatabaseIterator(std::vector<SimBridge::WdbScalarBTree*, std::allocator<SimBridge::WdbScalarBTree*> > const&, std::vector<boost::shared_ptr<SimBridge::WdbIEventBlockIterator>, std::allocator<boost::shared_ptr<SimBridge::WdbIEventBlockIterator> > >&, std::vector<std::vector<SimBridge::WdbScalarBTree*, std::allocator<SimBridge::WdbScalarBTree*> >, std::allocator<std::vector<SimBridge::WdbScalarBTree*, std::allocator<SimBridge::WdbScalarBTree*> > > >&) const+0x691) [0x783096270391]
/home/it/Desktop/Vivado/Vivado/2019.1/lib/lnx64.o/librdi_simbridge_kernel.so(SimBridge::WdbAddressBTreeManager::scanWdbDatabaseMultiThread(std::vector<SimBridge::WdbScalarBTree*, std::allocator<SimBridge::WdbScalarBTree*> > const&, ISIM::IGuiStatus*)+0xc4) [0x78309624de14]
/home/it/Desktop/Vivado/Vivado/2019.1/lib/lnx64.o/librdi_wavedata.so(SimBridge::DataObjMgr::createDrawingBTree(std::vector<SimBridge::IDataObj const*, std::allocator<SimBridge::IDataObj const*> > const&, ISIM::IGuiStatus*, bool)+0x32a) [0x7830a2c1f23a]
/home/it/Desktop/Vivado/Vivado/2019.1/lib/lnx64.o/librdi_wavedata.so(SG_Model::Model::createDrawingBTree(std::vector<SG_Model::WVDataObject*, std::allocator<SG_Model::WVDataObject*> > const&, ISIM::IGuiStatus*) const+0x201) [0x7830a2cd1f41]
/home/it/Desktop/Vivado/Vivado/2019.1/lib/lnx64.o/librdi_wavedata.so(SG_Model::Model::addWVObject(std::vector<SG_Model::WVDataObject*, std::allocator<SG_Model::WVDataObject*> > const&, SG_Model::WVDataObject*, int)+0x23f) [0x7830a2cd4b3f]
/home/it/Desktop/Vivado/Vivado/2019.1/lib/lnx64.o/librdi_wavedata.so(SG_Controller::AddWaveformCommand::doCommand()+0x33) [0x7830a2c9fda3]
/home/it/Desktop/Vivado/Vivado/2019.1/lib/lnx64.o/librdi_wavedata.so(SG_Controller::CommandManager::executeOrAppendMacro(SG_Controller::Command*, bool)+0x4d) [0x7830a2c9f0cd]
/home/it/Desktop/Vivado/Vivado/2019.1/lib/lnx64.o/librdi_wavedata.so(SG_Controller::CommandManager::createAndExecute(std::__cxx11::basic_string<char, std::char_traits<char>, std::allocator<char> > const&, SG_Common::StringArray const&, SG_Model::Model&, SG_Controller::CommandFactory&)+0x151) [0x7830a2c9f461]
/home/it/Desktop/Vivado/Vivado/2019.1/lib/lnx64.o/librdi_wavedata.so(WVDAppInterface::WVDWaveConfigurationImp::execute(std::__cxx11::basic_string<char, std::char_traits<char>, std::allocator<char> > const&, SG_Common::StringArray const&)+0x1b) [0x7830a2b911db]
/home/it/Desktop/Vivado/Vivado/2019.1/lib/lnx64.o/librdi_wavedata.so(WVDAppInterface::WVDWaveConfiguration::addWaveObject(std::vector<SG_Model::WVDataObject*, std::allocator<SG_Model::WVDataObject*> > const&, int, int, WVDAppInterface::WVDWaveDisplayOption const&, ISIM::IGuiStatus*)+0x52f) [0x7830a2b9417f]
/home/it/Desktop/Vivado/Vivado/2019.1/lib/lnx64.o/librdi_wavedata.so(WVDAppInterface::WVDWaveConfiguration::addWave(std::vector<SimBridge::IObject const*, std::allocator<SimBridge::IObject const*> > const&, int, int, bool, WVDAppInterface::WVDWaveDisplayOption const&, ISIM::IGuiStatus*)+0x22c) [0x7830a2b947ac]
/home/it/Desktop/Vivado/Vivado/2019.1/lib/lnx64.o/librdi_wavedatatasks.so(+0xe039d) [0x7830518e039d]
/home/it/Desktop/Vivado/Vivado/2019.1/lib/lnx64.o/librdi_common.so(+0x8068e2) [0x7830eb2068e2]
/home/it/Desktop/Vivado/Vivado/2019.1/lib/lnx64.o/libtcl8.5.so(+0x334af) [0x7830e12334af]
/home/it/Desktop/Vivado/Vivado/2019.1/lib/lnx64.o/libtcl8.5.so(+0x76875) [0x7830e1276875]
/home/it/Desktop/Vivado/Vivado/2019.1/lib/lnx64.o/libtcl8.5.so(+0x7e029) [0x7830e127e029]
/home/it/Desktop/Vivado/Vivado/2019.1/lib/lnx64.o/libtcl8.5.so(TclEvalObjEx+0x76) [0x7830e1235156]
/home/it/Desktop/Vivado/Vivado/2019.1/lib/lnx64.o/libtcl8.5.so(+0x3e754) [0x7830e123e754]
/home/it/Desktop/Vivado/Vivado/2019.1/lib/lnx64.o/libtcl8.5.so(+0x334af) [0x7830e12334af]
/home/it/Desktop/Vivado/Vivado/2019.1/lib/lnx64.o/libtcl8.5.so(+0x76875) [0x7830e1276875]
/home/it/Desktop/Vivado/Vivado/2019.1/lib/lnx64.o/libtcl8.5.so(+0x7e029) [0x7830e127e029]
/home/it/Desktop/Vivado/Vivado/2019.1/lib/lnx64.o/libtcl8.5.so(TclEvalObjEx+0x76) [0x7830e1235156]
/home/it/Desktop/Vivado/Vivado/2019.1/lib/lnx64.o/libtcl8.5.so(+0x3e754) [0x7830e123e754]
/home/it/Desktop/Vivado/Vivado/2019.1/lib/lnx64.o/libtcl8.5.so(+0x334af) [0x7830e12334af]
/home/it/Desktop/Vivado/Vivado/2019.1/lib/lnx64.o/libtcl8.5.so(+0x34b38) [0x7830e1234b38]
/home/it/Desktop/Vivado/Vivado/2019.1/lib/lnx64.o/libtcl8.5.so(Tcl_EvalEx+0x13) [0x7830e12350a3]
/home/it/Desktop/Vivado/Vivado/2019.1/lib/lnx64.o/libtcl8.5.so(Tcl_FSEvalFileEx+0x1da) [0x7830e1299c5a]
/home/it/Desktop/Vivado/Vivado/2019.1/lib/lnx64.o/librdi_commontasks.so(+0x208e5d) [0x7830d9c08e5d]
/home/it/Desktop/Vivado/Vivado/2019.1/lib/lnx64.o/librdi_common.so(+0x8068e2) [0x7830eb2068e2]
/home/it/Desktop/Vivado/Vivado/2019.1/lib/lnx64.o/libtcl8.5.so(+0x334af) [0x7830e12334af]
/home/it/Desktop/Vivado/Vivado/2019.1/lib/lnx64.o/libtcl8.5.so(Tcl_EvalObjv+0x32) [0x7830e12335e2]
/home/it/Desktop/Vivado/Vivado/2019.1/lib/lnx64.o/libtcl8.5.so(TclEvalObjEx+0x322) [0x7830e1235402]
/home/it/Desktop/Vivado/Vivado/2019.1/lib/lnx64.o/librdi_common.so(hdi::tcltasks::task_manager::eval_in_tcl(Tcl_Interp*, Tcl_Obj*, char const*, bool)+0xab9) [0x7830eb208719]
/home/it/Desktop/Vivado/Vivado/2019.1/lib/lnx64.o/librdi_simtcltasks.so(RSTTclHelper::processTclbatchOption(hdi::tcltasks::task_options_base&, Tcl_Interp*)+0x114) [0x783051ec1b44]
/home/it/Desktop/Vivado/Vivado/2019.1/lib/lnx64.o/librdi_simtcltasks.so(+0x13b79e) [0x783051f3b79e]
/home/it/Desktop/Vivado/Vivado/2019.1/lib/lnx64.o/librdi_common.so(+0x8068e2) [0x7830eb2068e2]
/home/it/Desktop/Vivado/Vivado/2019.1/lib/lnx64.o/libtcl8.5.so(+0x334af) [0x7830e12334af]
/home/it/Desktop/Vivado/Vivado/2019.1/lib/lnx64.o/libtcl8.5.so(+0x34b38) [0x7830e1234b38]
/home/it/Desktop/Vivado/Vivado/2019.1/lib/lnx64.o/libtcl8.5.so(Tcl_EvalEx+0x13) [0x7830e12350a3]
/home/it/Desktop/Vivado/Vivado/2019.1/lib/lnx64.o/libtcl8.5.so(TclEvalObjEx+0x1e0) [0x7830e12352c0]
/home/it/Desktop/Vivado/Vivado/2019.1/lib/lnx64.o/libtcl8.5.so(+0x3b375) [0x7830e123b375]
/home/it/Desktop/Vivado/Vivado/2019.1/lib/lnx64.o/libtcl8.5.so(+0x334af) [0x7830e12334af]
/home/it/Desktop/Vivado/Vivado/2019.1/lib/lnx64.o/libtcl8.5.so(+0x76875) [0x7830e1276875]
/home/it/Desktop/Vivado/Vivado/2019.1/lib/lnx64.o/libtcl8.5.so(+0x7e029) [0x7830e127e029]
/home/it/Desktop/Vivado/Vivado/2019.1/lib/lnx64.o/libtcl8.5.so(TclEvalObjEx+0x76) [0x7830e1235156]
/home/it/Desktop/Vivado/Vivado/2019.1/lib/lnx64.o/librdi_commontasks.so(+0x1ebcc4) [0x7830d9bebcc4]
/home/it/Desktop/Vivado/Vivado/2019.1/lib/lnx64.o/libtcl8.5.so(+0x334af) [0x7830e12334af]
/home/it/Desktop/Vivado/Vivado/2019.1/lib/lnx64.o/libtcl8.5.so(+0x76875) [0x7830e1276875]
/home/it/Desktop/Vivado/Vivado/2019.1/lib/lnx64.o/libtcl8.5.so(TclObjInterpProcCore+0x420) [0x7830e12b7df0]
/home/it/Desktop/Vivado/Vivado/2019.1/lib/lnx64.o/libtcl8.5.so(+0x334af) [0x7830e12334af]
/home/it/Desktop/Vivado/Vivado/2019.1/lib/lnx64.o/libtcl8.5.so(Tcl_EvalObjv+0x32) [0x7830e12335e2]
/home/it/Desktop/Vivado/Vivado/2019.1/lib/lnx64.o/libtcl8.5.so(TclEvalObjEx+0x322) [0x7830e1235402]
/home/it/Desktop/Vivado/Vivado/2019.1/lib/lnx64.o/librdi_tcltasks.so(SimUtils::detail::execStep(Tcl_Interp*, std::__cxx11::basic_ostringstream<char, std::char_traits<char>, std::allocator<char> >&, std::__cxx11::basic_string<char, std::char_traits<char>, std::allocator<char> > const&, std::__cxx11::basic_string<char, std::char_traits<char>, std::allocator<char> >&, bool&)+0x9b) [0x7830d70e5a6b]
/home/it/Desktop/Vivado/Vivado/2019.1/lib/lnx64.o/librdi_tcltasks.so(SimUtils::detail::execSimStep(Tcl_Interp*, std::__cxx11::basic_ostringstream<char, std::char_traits<char>, std::allocator<char> >&, HAPUFSimulator*, HAPUFSimulator::TclProc, std::__cxx11::basic_string<char, std::char_traits<char>, std::allocator<char> > const&, bool, HADAFileSet*, std::__cxx11::basic_string<char, std::char_traits<char>, std::allocator<char> > const&, HAPUFSimulator::SimulationStep, HDGUIStatus*)+0x63) [0x7830d70e8903]
/home/it/Desktop/Vivado/Vivado/2019.1/lib/lnx64.o/librdi_tcltasks.so(HTCSimUtils::executeStep(Tcl_Interp*, HADAFileSet*, HADAFileSet*, HAPUFSimulator*, HDGUIStatus*, std::__cxx11::basic_string<char, std::char_traits<char>, std::allocator<char> > const&, std::__cxx11::basic_string<char, std::char_traits<char>, std::allocator<char> > const&, std::__cxx11::basic_string<char, std::char_traits<char>, std::allocator<char> > const&, bool, bool, bool, std::__cxx11::basic_ostringstream<char, std::char_traits<char>, std::allocator<char> >&)+0x4bb) [0x7830d70e98eb]
/home/it/Desktop/Vivado/Vivado/2019.1/lib/lnx64.o/librdi_tcltasks.so(+0x1694ba2) [0x7830d7094ba2]
/home/it/Desktop/Vivado/Vivado/2019.1/lib/lnx64.o/librdi_common.so(+0x8068e2) [0x7830eb2068e2]
/home/it/Desktop/Vivado/Vivado/2019.1/lib/lnx64.o/libtcl8.5.so(+0x334af) [0x7830e12334af]
/home/it/Desktop/Vivado/Vivado/2019.1/lib/lnx64.o/libtcl8.5.so(+0x76875) [0x7830e1276875]
/home/it/Desktop/Vivado/Vivado/2019.1/lib/lnx64.o/libtcl8.5.so(+0x7e029) [0x7830e127e029]
/home/it/Desktop/Vivado/Vivado/2019.1/lib/lnx64.o/libtcl8.5.so(TclEvalObjEx+0x76) [0x7830e1235156]
/home/it/Desktop/Vivado/Vivado/2019.1/lib/lnx64.o/librdi_common.so(+0x804df1) [0x7830eb204df1]
/home/it/Desktop/Vivado/Vivado/2019.1/lib/lnx64.o/libtcl8.5.so(Tcl_ServiceEvent+0x7f) [0x7830e12a7b0f]
/home/it/Desktop/Vivado/Vivado/2019.1/lib/lnx64.o/libtcl8.5.so(Tcl_DoOneEvent+0x154) [0x7830e12a7e44]
/home/it/Desktop/Vivado/Vivado/2019.1/lib/lnx64.o/librdi_commontasks.so(+0x231625) [0x7830d9c31625]
/home/it/Desktop/Vivado/Vivado/2019.1/lib/lnx64.o/librdi_commontasks.so(+0x23b163) [0x7830d9c3b163]
/home/it/Desktop/Vivado/Vivado/2019.1/lib/lnx64.o/librdi_commontasks.so(+0x23c1fe) [0x7830d9c3c1fe]
/home/it/Desktop/Vivado/Vivado/2019.1/lib/lnx64.o/librdi_common.so(+0x8068e2) [0x7830eb2068e2]
/home/it/Desktop/Vivado/Vivado/2019.1/lib/lnx64.o/libtcl8.5.so(+0x334af) [0x7830e12334af]
/home/it/Desktop/Vivado/Vivado/2019.1/lib/lnx64.o/libtcl8.5.so(+0x76875) [0x7830e1276875]
/home/it/Desktop/Vivado/Vivado/2019.1/lib/lnx64.o/libtcl8.5.so(+0x7e029) [0x7830e127e029]
/home/it/Desktop/Vivado/Vivado/2019.1/lib/lnx64.o/libtcl8.5.so(TclEvalObjEx+0x76) [0x7830e1235156]
/home/it/Desktop/Vivado/Vivado/2019.1/lib/lnx64.o/librdi_commonmain.so(+0x7424) [0x7830ea407424]
/home/it/Desktop/Vivado/Vivado/2019.1/lib/lnx64.o/libtcl8.5.so(Tcl_Main+0x1d0) [0x7830e12a0210]
/home/it/Desktop/Vivado/Vivado/2019.1/lib/lnx64.o/librdi_common.so(+0x84ac9b) [0x7830eb24ac9b]
/lib/x86_64-linux-gnu/libc.so.6(+0x9caa4) [0x7830e949caa4]
/lib/x86_64-linux-gnu/libc.so.6(+0x129c3c) [0x7830e9529c3c]
